Disco selecionado: /dev/sda
Concluído.

btrfs-progs v5.6.1 
See http://btrfs.wiki.kernel.org for more information.

Label:              Archlinux
UUID:               9884d2d3-78b4-44f6-8e1f-d4b8865b93c9
Node size:          16384
Sector size:        4096
Filesystem size:    45.50GiB
Block group profiles:
  Data:             single            8.00MiB
  Metadata:         DUP             256.00MiB
  System:           DUP               8.00MiB
SSD detected:       no
Incompat features:  extref, skinny-metadata
Checksum:           crc32c
Number of devices:  1
Devices:
   ID        SIZE  PATH
    1    45.50GiB  /dev/sda3

Concluído.

mkfs.fat 4.1 (2017-01-24)
:: Synchronizing package databases...
downloading core.db...
downloading extra.db...
downloading community.db...
resolving dependencies...
looking for conflicting packages...

Packages (2) fakeroot-1.24-2  pacman-contrib-1.3.0-2

Total Download Size:   0.10 MiB
Total Installed Size:  0.22 MiB

:: Proceed with installation? [Y/n] 
:: Retrieving packages...
downloading fakeroot-1.24-2-x86_64.pkg.tar.xz...
downloading pacman-contrib-1.3.0-2-x86_64.pkg.tar.zst...
checking keyring...
checking package integrity...
loading package files...
checking for file conflicts...
:: Processing package changes...
installing fakeroot...
installing pacman-contrib...
Optional dependencies for pacman-contrib
    findutils: for pacdiff --find [installed]
    mlocate: for pacdiff --locate
    sudo: privilege elevation for several scripts [installed]
    vim: default merge program for pacdiff [installed]
:: Running post-transaction hooks...
(1/2) Reloading system manager configuration...
(2/2) Arming ConditionNeedsUpdate...
==> Creating install root at /mnt
==> Installing packages to /mnt
:: Synchronizing package databases...
downloading core.db...
downloading extra.db...
downloading community.db...
:: There are 24 members in group base-devel:
:: Repository core
   1) autoconf  2) automake  3) binutils  4) bison  5) fakeroot  6) file  7) findutils  8) flex  9) gawk  10) gcc  11) gettext  12) grep  13) groff  14) gzip  15) libtool  16) m4  17) make  18) pacman  19) patch  20) pkgconf  21) sed  22) sudo  23) texinfo  24) which

Enter a selection (default=all): 
resolving dependencies...
:: There are 2 providers available for initramfs:
:: Repository core
   1) mkinitcpio
:: Repository extra
   2) dracut

Enter a number (default=1): 
looking for conflicting packages...

Packages (139) acl-2.2.53-3  archlinux-keyring-20200622-1  argon2-20190702-3  attr-2.4.48-3  audit-2.8.5-6  bash-5.0.017-1  bzip2-1.0.8-3  ca-certificates-20181109-3  ca-certificates-mozilla-3.54-1  ca-certificates-utils-20181109-3  coreutils-8.32-1  cracklib-2.9.7-2  cryptsetup-2.3.3-1  curl-7.71.1-1  db-5.3.28-5  dbus-1.12.20-1  device-mapper-2.02.187-3  diffutils-3.7-3  e2fsprogs-1.45.6-2  elfutils-0.180-1  expat-2.2.9-3  filesystem-2020.05.20-1  gc-8.0.4-4  gcc-libs-10.1.0-2  gdbm-1.18.1-3  glib2-2.64.4-1  glibc-2.31-5  gmp-6.2.0-1  gnupg-2.2.20-4  gnutls-3.6.14-2  gpgme-1.13.1-7  guile-2.2.6-2  hwids-20200306-1  iana-etc-20200624-1  icu-67.1-1  iproute2-5.7.0-1  iptables-1:1.8.5-2  iputils-20190709-2  json-c-0.14-4  kbd-2.2.0-5  keyutils-1.6.3-1  kmod-27-1  krb5-1.18.2-1  less-551-3  libarchive-3.4.3-1  libassuan-2.5.3-2  libcap-2.36-1  libcap-ng-0.7.10-1  libcroco-0.6.13-2  libelf-0.180-1  libffi-3.3-3  libgcrypt-1.8.6-1  libgpg-error-1.38-1  libidn2-2.3.0-1  libksba-1.4.0-1  libldap-2.4.50-2  libmicrohttpd-0.9.71-1  libmnl-1.0.4-3  libmpc-1.1.0-2  libnetfilter_conntrack-1.0.8-1  libnfnetlink-1.0.1-4  libnftnl-1.1.7-1  libnghttp2-1.41.0-1  libnl-3.5.0-2  libp11-kit-0.23.20-5  libpcap-1.9.1-2  libpsl-0.21.0-2  libsasl-2.1.27-3  libseccomp-2.4.2-1  libsecret-0.20.3-1  libssh2-1.9.0-2  libtasn1-4.16.0-1  libtirpc-1.2.6-1  libunistring-0.9.10-2  libusb-1.0.23-2  libutil-linux-2.35.2-1  libxml2-2.9.10-2  licenses-20200427-1  linux-api-headers-5.6.11-1  lz4-1:1.9.2-2  mkinitcpio-27-3  mkinitcpio-busybox-1.31.1-1  mpfr-4.0.2-2  ncurses-6.2-1  nettle-3.6-1  npth-1.6-2  openssl-1.1.1.g-2  p11-kit-0.23.20-5  pacman-mirrorlist-20200606-1  pam-1.3.1-2  pambase-20190105.1-2  pciutils-3.7.0-1  pcre-8.44-1  pcre2-10.35-1  perl-5.32.0-1  pinentry-1.1.0-5  popt-1.18-1  procps-ng-3.3.16-2  psmisc-23.3-2  readline-8.0.004-1  shadow-4.8.1-1  sqlite-3.32.3-1  systemd-245.6-8  systemd-libs-245.6-8  systemd-sysvcompat-245.6-8  tar-1.32-3  tzdata-2020a-1  util-linux-2.35.2-1  xz-5.2.5-1  zlib-1:1.2.11-4  zstd-1.4.5-1  autoconf-2.69-7  automake-1.16.2-3  base-2-2  binutils-2.34-5  bison-3.6.4-1  fakeroot-1.24-2  file-5.39-1  findutils-4.7.0-2  flex-2.6.4-3  gawk-5.1.0-1  gcc-10.1.0-2  gettext-0.20.2-1  grep-3.4-1  groff-1.22.4-3  gzip-1.10-3  libtool-2.4.6+42+gb88cebd5-13  linux-firmware-20200519.8ba6fa6-1  linux-lts-5.4.50-1  linux-lts-headers-5.4.50-1  m4-1.4.18-3  make-4.3-3  pacman-5.2.1-6  patch-2.7.6-8  pkgconf-1.7.3-1  sed-4.8-1  sudo-1.9.1-1  texinfo-6.7-3  which-2.21-5

Total Download Size:    371.40 MiB
Total Installed Size:  1526.45 MiB

:: Proceed with installation? [Y/n] 
:: Retrieving packages...
downloading iana-etc-20200624-1-any.pkg.tar.zst...
downloading filesystem-2020.05.20-1-x86_64.pkg.tar.zst...
downloading linux-api-headers-5.6.11-1-any.pkg.tar.zst...
downloading tzdata-2020a-1-x86_64.pkg.tar.zst...
downloading glibc-2.31-5-x86_64.pkg.tar.zst...
downloading gcc-libs-10.1.0-2-x86_64.pkg.tar.zst...
downloading ncurses-6.2-1-x86_64.pkg.tar.zst...
downloading readline-8.0.004-1-x86_64.pkg.tar.zst...
downloading bash-5.0.017-1-x86_64.pkg.tar.zst...
downloading attr-2.4.48-3-x86_64.pkg.tar.zst...
downloading acl-2.2.53-3-x86_64.pkg.tar.zst...
downloading gmp-6.2.0-1-x86_64.pkg.tar.zst...
downloading libcap-2.36-1-x86_64.pkg.tar.zst...
downloading gdbm-1.18.1-3-x86_64.pkg.tar.xz...
downloading db-5.3.28-5-x86_64.pkg.tar.xz...
downloading perl-5.32.0-1-x86_64.pkg.tar.zst...
downloading openssl-1.1.1.g-2-x86_64.pkg.tar.zst...
downloading coreutils-8.32-1-x86_64.pkg.tar.zst...
downloading zlib-1:1.2.11-4-x86_64.pkg.tar.xz...
downloading xz-5.2.5-1-x86_64.pkg.tar.zst...
downloading bzip2-1.0.8-3-x86_64.pkg.tar.xz...
downloading libseccomp-2.4.2-1-x86_64.pkg.tar.zst...
downloading file-5.39-1-x86_64.pkg.tar.zst...
downloading findutils-4.7.0-2-x86_64.pkg.tar.xz...
downloading mpfr-4.0.2-2-x86_64.pkg.tar.xz...
downloading gawk-5.1.0-1-x86_64.pkg.tar.zst...
downloading pcre-8.44-1-x86_64.pkg.tar.zst...
downloading grep-3.4-1-x86_64.pkg.tar.zst...
downloading libgpg-error-1.38-1-x86_64.pkg.tar.zst...
downloading libgcrypt-1.8.6-1-x86_64.pkg.tar.zst...
downloading lz4-1:1.9.2-2-x86_64.pkg.tar.xz...
downloading systemd-libs-245.6-8-x86_64.pkg.tar.zst...
downloading procps-ng-3.3.16-2-x86_64.pkg.tar.zst...
downloading sed-4.8-1-x86_64.pkg.tar.zst...
downloading tar-1.32-3-x86_64.pkg.tar.xz...
downloading libffi-3.3-3-x86_64.pkg.tar.zst...
downloading libutil-linux-2.35.2-1-x86_64.pkg.tar.zst...
downloading glib2-2.64.4-1-x86_64.pkg.tar.zst...
downloading libunistring-0.9.10-2-x86_64.pkg.tar.xz...
downloading icu-67.1-1-x86_64.pkg.tar.zst...
downloading gettext-0.20.2-1-x86_64.pkg.tar.zst...
downloading hwids-20200306-1-any.pkg.tar.zst...
downloading kmod-27-1-x86_64.pkg.tar.zst...
downloading pciutils-3.7.0-1-x86_64.pkg.tar.zst...
downloading psmisc-23.3-2-x86_64.pkg.tar.xz...
downloading cracklib-2.9.7-2-x86_64.pkg.tar.xz...
downloading e2fsprogs-1.45.6-2-x86_64.pkg.tar.zst...
downloading libsasl-2.1.27-3-x86_64.pkg.tar.zst...
downloading libldap-2.4.50-2-x86_64.pkg.tar.zst...
downloading keyutils-1.6.3-1-x86_64.pkg.tar.zst...
downloading krb5-1.18.2-1-x86_64.pkg.tar.zst...
downloading libtirpc-1.2.6-1-x86_64.pkg.tar.zst...
downloading pambase-20190105.1-2-any.pkg.tar.xz...
downloading pam-1.3.1-2-x86_64.pkg.tar.xz...
downloading libcap-ng-0.7.10-1-x86_64.pkg.tar.xz...
downloading audit-2.8.5-6-x86_64.pkg.tar.xz...
downloading shadow-4.8.1-1-x86_64.pkg.tar.zst...
downloading util-linux-2.35.2-1-x86_64.pkg.tar.zst...
downloading less-551-3-x86_64.pkg.tar.xz...
downloading gzip-1.10-3-x86_64.pkg.tar.xz...
downloading licenses-20200427-1-any.pkg.tar.zst...
downloading expat-2.2.9-3-x86_64.pkg.tar.xz...
downloading zstd-1.4.5-1-x86_64.pkg.tar.zst...
downloading libarchive-3.4.3-1-x86_64.pkg.tar.zst...
downloading libtasn1-4.16.0-1-x86_64.pkg.tar.zst...
downloading libp11-kit-0.23.20-5-x86_64.pkg.tar.zst...
downloading p11-kit-0.23.20-5-x86_64.pkg.tar.zst...
downloading ca-certificates-utils-20181109-3-any.pkg.tar.zst...
downloading ca-certificates-mozilla-3.54-1-x86_64.pkg.tar.zst...
downloading ca-certificates-20181109-3-any.pkg.tar.zst...
downloading libssh2-1.9.0-2-x86_64.pkg.tar.xz...
downloading libidn2-2.3.0-1-x86_64.pkg.tar.xz...
downloading libpsl-0.21.0-2-x86_64.pkg.tar.xz...
downloading libnghttp2-1.41.0-1-x86_64.pkg.tar.zst...
downloading curl-7.71.1-1-x86_64.pkg.tar.zst...
downloading npth-1.6-2-x86_64.pkg.tar.xz...
downloading libksba-1.4.0-1-x86_64.pkg.tar.zst...
downloading libassuan-2.5.3-2-x86_64.pkg.tar.xz...
downloading libsecret-0.20.3-1-x86_64.pkg.tar.zst...
downloading pinentry-1.1.0-5-x86_64.pkg.tar.xz...
downloading nettle-3.6-1-x86_64.pkg.tar.zst...
downloading gnutls-3.6.14-2-x86_64.pkg.tar.zst...
downloading sqlite-3.32.3-1-x86_64.pkg.tar.zst...
downloading gnupg-2.2.20-4-x86_64.pkg.tar.zst...
downloading gpgme-1.13.1-7-x86_64.pkg.tar.zst...
downloading pacman-mirrorlist-20200606-1-any.pkg.tar.zst...
downloading archlinux-keyring-20200622-1-any.pkg.tar.zst...
downloading pacman-5.2.1-6-x86_64.pkg.tar.zst...
downloading device-mapper-2.02.187-3-x86_64.pkg.tar.zst...
downloading popt-1.18-1-x86_64.pkg.tar.zst...
downloading json-c-0.14-4-x86_64.pkg.tar.zst...
downloading argon2-20190702-3-x86_64.pkg.tar.zst...
downloading cryptsetup-2.3.3-1-x86_64.pkg.tar.zst...
downloading dbus-1.12.20-1-x86_64.pkg.tar.zst...
downloading libmnl-1.0.4-3-x86_64.pkg.tar.xz...
downloading libnftnl-1.1.7-1-x86_64.pkg.tar.zst...
downloading libnl-3.5.0-2-x86_64.pkg.tar.xz...
downloading libusb-1.0.23-2-x86_64.pkg.tar.xz...
downloading libpcap-1.9.1-2-x86_64.pkg.tar.xz...
downloading libnfnetlink-1.0.1-4-x86_64.pkg.tar.zst...
downloading libnetfilter_conntrack-1.0.8-1-x86_64.pkg.tar.zst...
downloading iptables-1:1.8.5-2-x86_64.pkg.tar.zst...
downloading kbd-2.2.0-5-x86_64.pkg.tar.xz...
downloading libelf-0.180-1-x86_64.pkg.tar.zst...
downloading pcre2-10.35-1-x86_64.pkg.tar.zst...
downloading systemd-245.6-8-x86_64.pkg.tar.zst...
downloading systemd-sysvcompat-245.6-8-x86_64.pkg.tar.zst...
downloading iputils-20190709-2-x86_64.pkg.tar.xz...
downloading iproute2-5.7.0-1-x86_64.pkg.tar.zst...
downloading base-2-2-any.pkg.tar.xz...
downloading m4-1.4.18-3-x86_64.pkg.tar.xz...
downloading diffutils-3.7-3-x86_64.pkg.tar.xz...
downloading autoconf-2.69-7-any.pkg.tar.zst...
downloading automake-1.16.2-3-any.pkg.tar.zst...
downloading libmicrohttpd-0.9.71-1-x86_64.pkg.tar.zst...
downloading elfutils-0.180-1-x86_64.pkg.tar.zst...
downloading binutils-2.34-5-x86_64.pkg.tar.zst...
downloading bison-3.6.4-1-x86_64.pkg.tar.zst...
downloading fakeroot-1.24-2-x86_64.pkg.tar.xz...
downloading flex-2.6.4-3-x86_64.pkg.tar.xz...
downloading libmpc-1.1.0-2-x86_64.pkg.tar.xz...
downloading gcc-10.1.0-2-x86_64.pkg.tar.zst...
downloading groff-1.22.4-3-x86_64.pkg.tar.xz...
downloading libtool-2.4.6+42+gb88cebd5-13-x86_64.pkg.tar.zst...
downloading texinfo-6.7-3-x86_64.pkg.tar.zst...
downloading make-4.3-3-x86_64.pkg.tar.zst...
downloading patch-2.7.6-8-x86_64.pkg.tar.xz...
downloading pkgconf-1.7.3-1-x86_64.pkg.tar.zst...
downloading sudo-1.9.1-1-x86_64.pkg.tar.zst...
downloading which-2.21-5-x86_64.pkg.tar.xz...
downloading mkinitcpio-busybox-1.31.1-1-x86_64.pkg.tar.xz...
downloading mkinitcpio-27-3-any.pkg.tar.zst...
downloading linux-lts-5.4.50-1-x86_64.pkg.tar.zst...
downloading linux-lts-headers-5.4.50-1-x86_64.pkg.tar.zst...
downloading linux-firmware-20200519.8ba6fa6-1-any.pkg.tar.zst...
downloading libxml2-2.9.10-2-x86_64.pkg.tar.zst...
downloading libcroco-0.6.13-2-x86_64.pkg.tar.zst...
downloading gc-8.0.4-4-x86_64.pkg.tar.zst...
downloading guile-2.2.6-2-x86_64.pkg.tar.zst...
checking keyring...
checking package integrity...
loading package files...
checking for file conflicts...
:: Processing package changes...
installing iana-etc...
installing filesystem...
installing linux-api-headers...
installing tzdata...
installing glibc...
Optional dependencies for glibc
    gd: for memusagestat
installing gcc-libs...
installing ncurses...
installing readline...
installing bash...
Optional dependencies for bash
    bash-completion: for tab completion
installing attr...
installing acl...
installing gmp...
installing libcap...
installing gdbm...
installing db...
installing perl...
installing openssl...
Optional dependencies for openssl
    ca-certificates [pending]
installing coreutils...
installing zlib...
installing xz...
installing bzip2...
installing libseccomp...
installing file...
installing findutils...
installing mpfr...
installing gawk...
installing pcre...
installing grep...
installing libgpg-error...
installing libgcrypt...
installing lz4...
installing systemd-libs...
installing procps-ng...
installing sed...
installing tar...
installing libffi...
installing libutil-linux...
installing glib2...
Optional dependencies for glib2
    python: gdbus-codegen, glib-genmarshal, glib-mkenums, gtester-report
    libelf: gresource inspection tool [pending]
installing libunistring...
installing icu...
installing libxml2...
installing libcroco...
installing gettext...
Optional dependencies for gettext
    git: for autopoint infrastructure updates
installing hwids...
installing kmod...
installing pciutils...
installing psmisc...
installing cracklib...
installing e2fsprogs...
installing libsasl...
installing libldap...
installing keyutils...
installing krb5...
installing libtirpc...
installing pambase...
installing pam...
installing libcap-ng...
installing audit...
installing shadow...
installing util-linux...
Optional dependencies for util-linux
    python: python bindings to libmount
    words: default dictionary for look
installing less...
installing gzip...
installing licenses...
installing expat...
installing zstd...
installing libarchive...
installing libtasn1...
installing libp11-kit...
installing p11-kit...
installing ca-certificates-utils...
installing ca-certificates-mozilla...
installing ca-certificates...
installing libssh2...
installing libidn2...
installing libpsl...
installing libnghttp2...
installing curl...
installing npth...
installing libksba...
installing libassuan...
installing libsecret...
Optional dependencies for libsecret
    org.freedesktop.secrets: secret storage backend
installing pinentry...
Optional dependencies for pinentry
    gtk2: gtk2 backend
    qt5-base: qt backend
    gcr: gnome3 backend
installing nettle...
installing gnutls...
Optional dependencies for gnutls
    guile: for use with Guile bindings [pending]
installing sqlite...
installing gnupg...
Optional dependencies for gnupg
    libldap: gpg2keys_ldap [installed]
    libusb-compat: scdaemon
    pcsclite: scdaemon
installing gpgme...
installing pacman-mirrorlist...
installing archlinux-keyring...
installing pacman...
Optional dependencies for pacman
    perl-locale-gettext: translation support in makepkg-template
installing device-mapper...
installing popt...
installing json-c...
installing argon2...
installing cryptsetup...
installing dbus...
installing libmnl...
installing libnftnl...
installing libnl...
installing libusb...
installing libpcap...
installing libnfnetlink...
installing libnetfilter_conntrack...
installing iptables...
installing kbd...
installing libelf...
installing pcre2...
installing systemd...
Initializing machine ID from random generator.
Created symlink /etc/systemd/system/getty.target.wants/getty@tty1.service → /usr/lib/systemd/system/getty@.service.
Created symlink /etc/systemd/system/multi-user.target.wants/remote-fs.target → /usr/lib/systemd/system/remote-fs.target.
:: Append 'init=/usr/lib/systemd/systemd' to your kernel command line in your
   bootloader to replace sysvinit with systemd, or install systemd-sysvcompat
Optional dependencies for systemd
    libmicrohttpd: remote journald capabilities [pending]
    quota-tools: kernel-level quota management
    systemd-sysvcompat: symlink package to provide sysvinit binaries [pending]
    polkit: allow administration as unprivileged user
    curl: machinectl pull-tar and pull-raw [installed]
installing systemd-sysvcompat...
installing iputils...
Optional dependencies for iputils
    xinetd: for tftpd
installing iproute2...
Optional dependencies for iproute2
    linux-atm: ATM support
installing base...
Optional dependencies for base
    linux: bare metal support
installing m4...
installing diffutils...
installing autoconf...
installing automake...
installing libmicrohttpd...
installing elfutils...
installing binutils...
installing bison...
installing fakeroot...
installing flex...
installing libmpc...
installing gcc...
Optional dependencies for gcc
    lib32-gcc-libs: for generating code for 32-bit ABI
installing groff...
Optional dependencies for groff
    netpbm: for use together with man -H command interaction in browsers
    psutils: for use together with man -H command interaction in browsers
    libxaw: for gxditview
    perl-file-homedir: for use with glilypond
installing libtool...
installing texinfo...
installing gc...
installing guile...
installing make...
installing patch...
Optional dependencies for patch
    ed: for patch -e functionality
installing pkgconf...
installing sudo...
installing which...
installing mkinitcpio-busybox...
installing mkinitcpio...
Optional dependencies for mkinitcpio
    xz: Use lzma or xz compression for the initramfs image [installed]
    bzip2: Use bzip2 compression for the initramfs image [installed]
    lzop: Use lzo compression for the initramfs image
    lz4: Use lz4 compression for the initramfs image [installed]
    mkinitcpio-nfs-utils: Support for root filesystem on NFS
installing linux-lts...
Optional dependencies for linux-lts
    crda: to set the correct wireless channels of your country
    linux-firmware: firmware images needed for some devices [pending]
installing linux-lts-headers...
installing linux-firmware...
:: Running post-transaction hooks...
( 1/14) Creating system user accounts...
( 2/14) Updating journal message catalog...
( 3/14) Reloading system manager configuration...
Running in chroot, ignoring request: daemon-reload
( 4/14) Updating udev hardware database...
( 5/14) Applying kernel sysctl settings...
( 6/14) Creating temporary files...
( 7/14) Reloading device manager configuration...
Running in chroot, ignoring request.
( 8/14) Arming ConditionNeedsUpdate...
( 9/14) Updating module dependencies...
(10/14) Updating linux initcpios...
==> Building image from preset: /etc/mkinitcpio.d/linux-lts.preset: 'default'
  -> -k /boot/vmlinuz-linux-lts -c /etc/mkinitcpio.conf -g /boot/initramfs-linux-lts.img
==> Starting build: 5.4.50-1-lts
  -> Running build hook: [base]
  -> Running build hook: [udev]
  -> Running build hook: [autodetect]
  -> Running build hook: [modconf]
  -> Running build hook: [block]
  -> Running build hook: [filesystems]
  -> Running build hook: [keyboard]
  -> Running build hook: [fsck]
==> ERROR: file not found: `fsck.btrfs'
==> WARNING: No fsck helpers found. fsck will not be run on boot.
==> Generating module dependencies
==> Creating gzip-compressed initcpio image: /boot/initramfs-linux-lts.img
==> WARNING: errors were encountered during the build. The image may not be complete.
==> Building image from preset: /etc/mkinitcpio.d/linux-lts.preset: 'fallback'
  -> -k /boot/vmlinuz-linux-lts -c /etc/mkinitcpio.conf -g /boot/initramfs-linux-lts-fallback.img -S autodetect
==> Starting build: 5.4.50-1-lts
  -> Running build hook: [base]
  -> Running build hook: [udev]
  -> Running build hook: [modconf]
  -> Running build hook: [block]
==> WARNING: Possibly missing firmware for module: aic94xx
==> WARNING: Possibly missing firmware for module: wd719x
  -> Running build hook: [filesystems]
  -> Running build hook: [keyboard]
  -> Running build hook: [fsck]
==> Generating module dependencies
==> Creating gzip-compressed initcpio image: /boot/initramfs-linux-lts-fallback.img
==> Image generation successful
(11/14) Reloading system bus configuration...
Running in chroot, ignoring request: try-reload-or-restart
(12/14) Warn about old perl modules
perl: warning: Setting locale failed.
perl: warning: Please check that your locale settings:
	LANGUAGE = (unset),
	LC_ALL = (unset),
	LC_MESSAGES = "",
	LANG = "pt_BR.UTF-8"
    are supported and installed on your system.
perl: warning: Falling back to the standard locale ("C").
(13/14) Updating the info directory file...
(14/14) Rebuilding certificate stores...
==> Creating install root at /mnt
==> Installing packages to /mnt
:: Synchronizing package databases...
 core is up to date
 extra is up to date
 community is up to date
:: There is 1 member in group alsa:
:: Repository community
   1) python-pyalsa

Enter a selection (default=all): 
resolving dependencies...
looking for conflicting packages...

Packages (209) adobe-source-code-pro-fonts-2.030ro+1.050it-6  adwaita-icon-theme-3.36.1-1  alsa-lib-1.2.3.2-1  alsa-topology-conf-1.2.3-1  alsa-ucm-conf-1.2.3-2  at-spi2-atk-2.34.2-1  at-spi2-core-2.36.0-1  atk-2.36.0-1  boost-libs-1.72.0-2  brotli-1.0.7-3  cairo-1.17.2+25+gaee96d175-1  cantarell-fonts-1:0.201-1  colord-1.4.4+9+g1ce26da-2  cups-filters-1.27.5-1  dconf-0.36.0-1  desktop-file-utils-0.26-1  dmraid-1.0.0.rc16.3-12  dnssec-anchors-20190629-2  flac-1.3.3-2  fontconfig-2:2.13.91+48+gfcb0420-2  freetype2-2.10.2-1  fribidi-1.0.10-1  fuse-common-3.9.2-1  gcr-3.36-1  gdk-pixbuf2-2.40.0-2  glib-networking-2.64.3-2  gpm-1.20.7.r27.g1fd1941-2  graphite-1:1.3.14-1  gsettings-desktop-schemas-3.36.1-1  gtk-update-icon-cache-1:3.24.21-1  gtk3-1:3.24.21-1  harfbuzz-2.6.8-2  hicolor-icon-theme-0.17-2  ijs-0.35-3  imagemagick-7.0.10.23-1  iso-codes-4.5.0-1  jbig2dec-0.18-1  js60-60.9.0-2  json-glib-1.4.4-2  lcms2-2.11-2  ldns-1.7.1-2  libaio-0.3.112-2  libasyncns-0.8+3+g68cd5af-3  libatasmart-0.19-5  libblockdev-2.24-1  libbluray-1.2.0-3  libbytesize-2.3-1  libcanberra-0.30+2+gc0620e4-3  libcddb-1.3.2-6  libcdio-2.1.0-2  libcdio-paranoia-10.2+2.0.1-2  libcups-2.3.3-1  libdaemon-0.14-5  libdatrie-0.2.12-2  libdrm-2.4.102-1  libedit-20191231_3.1-1  libepoxy-1.5.4-2  libglvnd-1.3.2-1  libgudev-233-2  libgusb-0.3.4-1  libice-1.0.10-3  libid3tag-0.15.1b-11  libidn-1.35-3  libimobiledevice-1.3.0-1  libjpeg-turbo-2.0.5-1  liblouis-3.14.0-1  liblqr-0.4.2-3  libmad-0.15.1b-9  libmtp-1.1.17-1  libnsl-1.2.0-2  libogg-1.3.4-2  libomxil-bellagio-0.9.3-3  libpaper-1.1.28-1  libpciaccess-0.16-2  libplist-2.2.0-1  libpng-1.6.37-3  libproxy-0.4.15+33+g454a499-2  libpulse-13.0-3  libraqm-0.7.0-2  librsvg-2:2.48.8-1  libsamplerate-0.1.9-3  libsm-1.2.3-2  libsndfile-1.0.28-3  libsoup-2.70.0-1  libsoxr-0.1.3-2  libthai-0.1.28-2  libtiff-4.1.0-2  libunwind-1.3.1-2  libusbmuxd-2.0.2-1  libvorbis-1.3.7-2  libx11-1.6.9-7  libxau-1.0.9-3  libxcb-1.14-1  libxcomposite-0.4.5-3  libxcursor-1.2.0-2  libxdamage-1.1.5-3  libxdmcp-1.1.3-3  libxext-1.3.4-3  libxfixes-5.0.3-4  libxft-2.3.3-2  libxi-1.7.10-3  libxinerama-1.1.4-3  libxkbcommon-0.10.0-1  libxrandr-1.5.2-3  libxrender-0.9.10-4  libxshmfence-1.3-2  libxt-1.2.0-2  libxtst-1.2.3-4  libxxf86vm-1.1.4-4  libyaml-0.2.5-1  llvm-libs-10.0.0-2  lm_sensors-3.6.0-2  lvm2-2.02.187-3  lzo-2.10-3  mdadm-4.1-2  mesa-20.1.3-1  ndctl-68-2  nspr-4.26-1  nss-3.54-1  openjpeg2-2.3.1-2  orc-0.4.31-2  pango-1:1.44.7+11+g73b46b04-1  parted-3.3-2  perl-error-0.17029-2  perl-mailtools-2.21-4  perl-timedate-2.33-2  pixman-0.40.0-1  polkit-0.116-5  poppler-0.90.0-1  python-3.8.3-1  qpdf-10.0.1-1  rest-0.8.1-3  rtkit-0.13-1  run-parts-4.8.6.1-2  shared-mime-info-2.0+1+g6bf9e4f-2  sound-theme-freedesktop-0.8-4  speexdsp-1.2.0-2  tdb-1.4.3-2  thin-provisioning-tools-0.8.5-3  usbmuxd-1.1.1-1  vim-runtime-8.2.0814-3  volume_key-0.3.12-3  wayland-1.18.0-2  wayland-protocols-1.20-1  webrtc-audio-processing-0.3.1-2  xcb-proto-1.14-1  xfsprogs-5.6.0-2  xkeyboard-config-2.30-2  xorgproto-2020.1-1  xxhash-0.7.4-1  acpid-2.0.32-2  alsa-plugins-1:1.2.2-2  alsa-utils-1.2.3-2  arch-wiki-lite-20190826-1  autofs-5.1.6-2  avahi-0.8+15+ge8a3dd0-1  bash-completion-2.10-2  bashtop-0.9.12-1  bc-1.07.1-4  btrfs-progs-5.7-1  cronie-1.5.5-1  cups-2.3.3-1  cups-pdf-3.0.1-5  dialog-1:1.3_20200327-1  dmidecode-3.2-2  dosfstools-4.1-3  exfat-utils-1.3.0-2  f2fs-tools-1.13.0-2  fuse2-2.9.9-4  fuse3-3.9.2-1  fuseiso-20070708-8  ghostscript-9.52-1  git-2.27.0-1  gptfdisk-1.0.5-1  gvfs-1.44.1-4  gvfs-afc-1.44.1-4  inetutils-1.9.4-8  intel-ucode-20200616-1  logrotate-3.16.0-1  lsof-4.93.2-3  lzop-1.04-3  mlocate-0.26.git.20170220-3  mtools-4.0.24-1  mtpfs-1.1-4  nano-4.9.3-1  neofetch-7.0.0-1  nss-mdns-0.14.1-3  ntfs-3g-2017.3.23-4  openssh-8.3p1-1  p7zip-16.02-6  pkgstats-2.4.2-2  pulseaudio-13.0-3  pulseaudio-alsa-1:1.2.2-2  python-pyalsa-1.1.6-5  rsync-3.2.2-2  snapper-0.8.10-1  sysfsutils-2.1.0-11  traceroute-2.1.0-5  udisks2-2.9.0-1  unrar-1:5.9.4-1  unzip-6.0-14  usbutils-012-2  vi-1:070224-4  vim-8.2.0814-3  wget-1.20.3-3  wireless_tools-30.pre9-3  wpa_supplicant-2:2.9-7  xdg-user-dirs-0.17-3  zip-3.0-9

Total Download Size:   221.72 MiB
Total Installed Size:  868.47 MiB

:: Proceed with installation? [Y/n] 
:: Retrieving packages...
downloading inetutils-1.9.4-8-x86_64.pkg.tar.xz...
downloading logrotate-3.16.0-1-x86_64.pkg.tar.zst...
downloading nano-4.9.3-1-x86_64.pkg.tar.zst...
downloading sysfsutils-2.1.0-11-x86_64.pkg.tar.xz...
downloading usbutils-012-2-x86_64.pkg.tar.xz...
downloading vi-1:070224-4-x86_64.pkg.tar.xz...
downloading dosfstools-4.1-3-x86_64.pkg.tar.xz...
downloading wpa_supplicant-2:2.9-7-x86_64.pkg.tar.zst...
downloading wireless_tools-30.pre9-3-x86_64.pkg.tar.xz...
downloading dialog-1:1.3_20200327-1-x86_64.pkg.tar.zst...
downloading lzo-2.10-3-x86_64.pkg.tar.xz...
downloading btrfs-progs-5.7-1-x86_64.pkg.tar.zst...
downloading libnsl-1.2.0-2-x86_64.pkg.tar.xz...
downloading run-parts-4.8.6.1-2-x86_64.pkg.tar.xz...
downloading cronie-1.5.5-1-x86_64.pkg.tar.xz...
downloading gpm-1.20.7.r27.g1fd1941-2-x86_64.pkg.tar.xz...
downloading mlocate-0.26.git.20170220-3-x86_64.pkg.tar.zst...
downloading traceroute-2.1.0-5-x86_64.pkg.tar.xz...
downloading libedit-20191231_3.1-1-x86_64.pkg.tar.zst...
downloading dnssec-anchors-20190629-2-any.pkg.tar.xz...
downloading ldns-1.7.1-2-x86_64.pkg.tar.xz...
downloading openssh-8.3p1-1-x86_64.pkg.tar.zst...
downloading dmraid-1.0.0.rc16.3-12-x86_64.pkg.tar.xz...
downloading libaio-0.3.112-2-x86_64.pkg.tar.xz...
downloading thin-provisioning-tools-0.8.5-3-x86_64.pkg.tar.xz...
downloading lvm2-2.02.187-3-x86_64.pkg.tar.zst...
downloading mdadm-4.1-2-x86_64.pkg.tar.xz...
downloading nspr-4.26-1-x86_64.pkg.tar.zst...
downloading nss-3.54-1-x86_64.pkg.tar.zst...
downloading xfsprogs-5.6.0-2-x86_64.pkg.tar.zst...
downloading mtools-4.0.24-1-x86_64.pkg.tar.zst...
downloading bash-completion-2.10-2-any.pkg.tar.zst...
downloading perl-error-0.17029-2-any.pkg.tar.zst...
downloading perl-timedate-2.33-2-any.pkg.tar.zst...
downloading perl-mailtools-2.21-4-any.pkg.tar.zst...
downloading git-2.27.0-1-x86_64.pkg.tar.zst...
downloading wget-1.20.3-3-x86_64.pkg.tar.zst...
downloading xdg-user-dirs-0.17-3-x86_64.pkg.tar.zst...
downloading alsa-topology-conf-1.2.3-1-any.pkg.tar.zst...
downloading alsa-ucm-conf-1.2.3-2-any.pkg.tar.zst...
downloading alsa-lib-1.2.3.2-1-x86_64.pkg.tar.zst...
downloading python-3.8.3-1-x86_64.pkg.tar.zst...
downloading libsamplerate-0.1.9-3-x86_64.pkg.tar.zst...
downloading alsa-utils-1.2.3-2-x86_64.pkg.tar.zst...
downloading alsa-plugins-1:1.2.2-2-x86_64.pkg.tar.zst...
downloading libasyncns-0.8+3+g68cd5af-3-x86_64.pkg.tar.zst...
downloading xcb-proto-1.14-1-any.pkg.tar.zst...
downloading libxdmcp-1.1.3-3-x86_64.pkg.tar.zst...
downloading libxau-1.0.9-3-x86_64.pkg.tar.zst...
downloading libxcb-1.14-1-x86_64.pkg.tar.zst...
downloading xorgproto-2020.1-1-any.pkg.tar.zst...
downloading libx11-1.6.9-7-x86_64.pkg.tar.zst...
downloading libxext-1.3.4-3-x86_64.pkg.tar.zst...
downloading libxi-1.7.10-3-x86_64.pkg.tar.zst...
downloading libxfixes-5.0.3-4-x86_64.pkg.tar.zst...
downloading libxtst-1.2.3-4-x86_64.pkg.tar.zst...
downloading libice-1.0.10-3-x86_64.pkg.tar.zst...
downloading libsm-1.2.3-2-x86_64.pkg.tar.zst...
downloading libogg-1.3.4-2-x86_64.pkg.tar.zst...
downloading flac-1.3.3-2-x86_64.pkg.tar.zst...
downloading libvorbis-1.3.7-2-x86_64.pkg.tar.zst...
downloading libsndfile-1.0.28-3-x86_64.pkg.tar.zst...
downloading libpulse-13.0-3-x86_64.pkg.tar.zst...
downloading js60-60.9.0-2-x86_64.pkg.tar.zst...
downloading polkit-0.116-5-x86_64.pkg.tar.zst...
downloading rtkit-0.13-1-x86_64.pkg.tar.zst...
downloading speexdsp-1.2.0-2-x86_64.pkg.tar.zst...
downloading tdb-1.4.3-2-x86_64.pkg.tar.zst...
downloading orc-0.4.31-2-x86_64.pkg.tar.zst...
downloading libsoxr-0.1.3-2-x86_64.pkg.tar.zst...
downloading webrtc-audio-processing-0.3.1-2-x86_64.pkg.tar.zst...
downloading pulseaudio-13.0-3-x86_64.pkg.tar.zst...
downloading pulseaudio-alsa-1:1.2.2-2-x86_64.pkg.tar.zst...
downloading dmidecode-3.2-2-x86_64.pkg.tar.zst...
downloading lsof-4.93.2-3-x86_64.pkg.tar.zst...
downloading vim-runtime-8.2.0814-3-x86_64.pkg.tar.zst...
downloading vim-8.2.0814-3-x86_64.pkg.tar.zst...
downloading intel-ucode-20200616-1-any.pkg.tar.zst...
downloading bc-1.07.1-4-x86_64.pkg.tar.zst...
downloading rsync-3.2.2-2-x86_64.pkg.tar.zst...
downloading pkgstats-2.4.2-2-any.pkg.tar.zst...
downloading libdaemon-0.14-5-x86_64.pkg.tar.zst...
downloading avahi-0.8+15+ge8a3dd0-1-x86_64.pkg.tar.zst...
downloading nss-mdns-0.14.1-3-x86_64.pkg.tar.zst...
downloading zip-3.0-9-x86_64.pkg.tar.zst...
downloading unzip-6.0-14-x86_64.pkg.tar.zst...
downloading unrar-1:5.9.4-1-x86_64.pkg.tar.zst...
downloading p7zip-16.02-6-x86_64.pkg.tar.zst...
downloading lzop-1.04-3-x86_64.pkg.tar.zst...
downloading boost-libs-1.72.0-2-x86_64.pkg.tar.zst...
downloading fuse-common-3.9.2-1-x86_64.pkg.tar.zst...
downloading fuse2-2.9.9-4-x86_64.pkg.tar.zst...
downloading ntfs-3g-2017.3.23-4-x86_64.pkg.tar.zst...
downloading gptfdisk-1.0.5-1-x86_64.pkg.tar.zst...
downloading fuse3-3.9.2-1-x86_64.pkg.tar.zst...
downloading libmtp-1.1.17-1-x86_64.pkg.tar.zst...
downloading libid3tag-0.15.1b-11-x86_64.pkg.tar.zst...
downloading libmad-0.15.1b-9-x86_64.pkg.tar.zst...
downloading dconf-0.36.0-1-x86_64.pkg.tar.zst...
downloading libcddb-1.3.2-6-x86_64.pkg.tar.zst...
downloading libcdio-2.1.0-2-x86_64.pkg.tar.zst...
downloading libcdio-paranoia-10.2+2.0.1-2-x86_64.pkg.tar.zst...
downloading libproxy-0.4.15+33+g454a499-2-x86_64.pkg.tar.zst...
downloading cantarell-fonts-1:0.201-1-any.pkg.tar.zst...
downloading adobe-source-code-pro-fonts-2.030ro+1.050it-6-any.pkg.tar.zst...
downloading gsettings-desktop-schemas-3.36.1-1-any.pkg.tar.zst...
downloading glib-networking-2.64.3-2-x86_64.pkg.tar.zst...
downloading libsoup-2.70.0-1-x86_64.pkg.tar.zst...
downloading libatasmart-0.19-5-x86_64.pkg.tar.zst...
downloading libgudev-233-2-x86_64.pkg.tar.zst...
downloading libbytesize-2.3-1-x86_64.pkg.tar.zst...
downloading ndctl-68-2-x86_64.pkg.tar.zst...
downloading parted-3.3-2-x86_64.pkg.tar.zst...
downloading volume_key-0.3.12-3-x86_64.pkg.tar.zst...
downloading libyaml-0.2.5-1-x86_64.pkg.tar.zst...
downloading libblockdev-2.24-1-x86_64.pkg.tar.zst...
downloading udisks2-2.9.0-1-x86_64.pkg.tar.zst...
downloading libpng-1.6.37-3-x86_64.pkg.tar.zst...
downloading graphite-1:1.3.14-1-x86_64.pkg.tar.zst...
downloading harfbuzz-2.6.8-2-x86_64.pkg.tar.zst...
downloading freetype2-2.10.2-1-x86_64.pkg.tar.zst...
downloading fontconfig-2:2.13.91+48+gfcb0420-2-x86_64.pkg.tar.zst...
downloading libbluray-1.2.0-3-x86_64.pkg.tar.zst...
downloading atk-2.36.0-1-x86_64.pkg.tar.zst...
downloading libxrender-0.9.10-4-x86_64.pkg.tar.zst...
downloading pixman-0.40.0-1-x86_64.pkg.tar.zst...
downloading cairo-1.17.2+25+gaee96d175-1-x86_64.pkg.tar.zst...
downloading libxcursor-1.2.0-2-x86_64.pkg.tar.zst...
downloading libxinerama-1.1.4-3-x86_64.pkg.tar.zst...
downloading libxrandr-1.5.2-3-x86_64.pkg.tar.zst...
downloading libepoxy-1.5.4-2-x86_64.pkg.tar.zst...
downloading libjpeg-turbo-2.0.5-1-x86_64.pkg.tar.zst...
downloading libtiff-4.1.0-2-x86_64.pkg.tar.zst...
downloading shared-mime-info-2.0+1+g6bf9e4f-2-x86_64.pkg.tar.zst...
downloading gdk-pixbuf2-2.40.0-2-x86_64.pkg.tar.zst...
downloading libxcomposite-0.4.5-3-x86_64.pkg.tar.zst...
downloading libxdamage-1.1.5-3-x86_64.pkg.tar.zst...
downloading libdatrie-0.2.12-2-x86_64.pkg.tar.zst...
downloading libthai-0.1.28-2-x86_64.pkg.tar.zst...
downloading libxft-2.3.3-2-x86_64.pkg.tar.zst...
downloading fribidi-1.0.10-1-x86_64.pkg.tar.zst...
downloading pango-1:1.44.7+11+g73b46b04-1-x86_64.pkg.tar.zst...
downloading at-spi2-core-2.36.0-1-x86_64.pkg.tar.zst...
downloading at-spi2-atk-2.34.2-1-x86_64.pkg.tar.zst...
downloading wayland-1.18.0-2-x86_64.pkg.tar.zst...
downloading xkeyboard-config-2.30-2-any.pkg.tar.zst...
downloading libxkbcommon-0.10.0-1-x86_64.pkg.tar.zst...
downloading hicolor-icon-theme-0.17-2-any.pkg.tar.zst...
downloading librsvg-2:2.48.8-1-x86_64.pkg.tar.zst...
downloading gtk-update-icon-cache-1:3.24.21-1-x86_64.pkg.tar.zst...
downloading adwaita-icon-theme-3.36.1-1-any.pkg.tar.zst...
downloading json-glib-1.4.4-2-x86_64.pkg.tar.zst...
downloading wayland-protocols-1.20-1-any.pkg.tar.zst...
downloading desktop-file-utils-0.26-1-x86_64.pkg.tar.zst...
downloading libpciaccess-0.16-2-x86_64.pkg.tar.zst...
downloading libdrm-2.4.102-1-x86_64.pkg.tar.zst...
downloading libxxf86vm-1.1.4-4-x86_64.pkg.tar.zst...
downloading libxshmfence-1.3-2-x86_64.pkg.tar.zst...
downloading libomxil-bellagio-0.9.3-3-x86_64.pkg.tar.zst...
downloading libunwind-1.3.1-2-x86_64.pkg.tar.zst...
downloading llvm-libs-10.0.0-2-x86_64.pkg.tar.zst...
downloading lm_sensors-3.6.0-2-x86_64.pkg.tar.zst...
downloading libglvnd-1.3.2-1-x86_64.pkg.tar.zst...
downloading mesa-20.1.3-1-x86_64.pkg.tar.zst...
downloading lcms2-2.11-2-x86_64.pkg.tar.zst...
downloading libgusb-0.3.4-1-x86_64.pkg.tar.zst...
downloading colord-1.4.4+9+g1ce26da-2-x86_64.pkg.tar.zst...
downloading rest-0.8.1-3-x86_64.pkg.tar.zst...
downloading libcups-2.3.3-1-x86_64.pkg.tar.zst...
downloading sound-theme-freedesktop-0.8-4-any.pkg.tar.zst...
downloading libcanberra-0.30+2+gc0620e4-3-x86_64.pkg.tar.zst...
downloading iso-codes-4.5.0-1-any.pkg.tar.zst...
downloading gtk3-1:3.24.21-1-x86_64.pkg.tar.zst...
downloading gcr-3.36-1-x86_64.pkg.tar.zst...
downloading gvfs-1.44.1-4-x86_64.pkg.tar.zst...
downloading libplist-2.2.0-1-x86_64.pkg.tar.zst...
downloading libusbmuxd-2.0.2-1-x86_64.pkg.tar.zst...
downloading usbmuxd-1.1.1-1-x86_64.pkg.tar.zst...
downloading libimobiledevice-1.3.0-1-x86_64.pkg.tar.zst...
downloading gvfs-afc-1.44.1-4-x86_64.pkg.tar.zst...
downloading openjpeg2-2.3.1-2-x86_64.pkg.tar.zst...
downloading poppler-0.90.0-1-x86_64.pkg.tar.zst...
downloading qpdf-10.0.1-1-x86_64.pkg.tar.zst...
downloading liblqr-0.4.2-3-x86_64.pkg.tar.zst...
downloading libraqm-0.7.0-2-x86_64.pkg.tar.zst...
downloading imagemagick-7.0.10.23-1-x86_64.pkg.tar.zst...
downloading liblouis-3.14.0-1-x86_64.pkg.tar.zst...
downloading ijs-0.35-3-x86_64.pkg.tar.zst...
downloading cups-filters-1.27.5-1-x86_64.pkg.tar.zst...
downloading libpaper-1.1.28-1-x86_64.pkg.tar.zst...
downloading cups-2.3.3-1-x86_64.pkg.tar.zst...
downloading libxt-1.2.0-2-x86_64.pkg.tar.zst...
downloading jbig2dec-0.18-1-x86_64.pkg.tar.zst...
downloading libidn-1.35-3-x86_64.pkg.tar.zst...
downloading ghostscript-9.52-1-x86_64.pkg.tar.zst...
downloading cups-pdf-3.0.1-5-x86_64.pkg.tar.zst...
downloading f2fs-tools-1.13.0-2-x86_64.pkg.tar.zst...
downloading acpid-2.0.32-2-x86_64.pkg.tar.zst...
downloading python-pyalsa-1.1.6-5-x86_64.pkg.tar.xz...
downloading xxhash-0.7.4-1-x86_64.pkg.tar.zst...
downloading arch-wiki-lite-20190826-1-any.pkg.tar.xz...
downloading snapper-0.8.10-1-x86_64.pkg.tar.zst...
downloading exfat-utils-1.3.0-2-x86_64.pkg.tar.zst...
downloading autofs-5.1.6-2-x86_64.pkg.tar.xz...
downloading fuseiso-20070708-8-x86_64.pkg.tar.zst...
downloading mtpfs-1.1-4-x86_64.pkg.tar.zst...
downloading brotli-1.0.7-3-x86_64.pkg.tar.xz...
downloading neofetch-7.0.0-1-any.pkg.tar.zst...
downloading bashtop-0.9.12-1-any.pkg.tar.zst...
checking keyring...
checking package integrity...
loading package files...
checking for file conflicts...
:: Processing package changes...
installing inetutils...
installing logrotate...
installing nano...
installing sysfsutils...
installing usbutils...
Optional dependencies for usbutils
    python: for lsusb.py usage [pending]
    coreutils: for lsusb.py usage [installed]
installing vi...
Optional dependencies for vi
    s-nail: used by the preserve command for notification
installing dosfstools...
installing mtools...
Optional dependencies for mtools
    libx11: required by floppyd [pending]
    libsm: required by floppyd [pending]
installing wpa_supplicant...
installing wireless_tools...
installing dialog...
installing bash-completion...
installing lzo...
installing btrfs-progs...
Optional dependencies for btrfs-progs
    python: libbtrfsutil python bindings [pending]
    e2fsprogs: btrfs-convert [installed]
    reiserfsprogs: btrfs-convert
installing perl-error...
installing perl-timedate...
installing perl-mailtools...
installing git...
Optional dependencies for git
    tk: gitk and git gui
    perl-libwww: git svn
    perl-term-readkey: git svn and interactive.singlekey setting
    perl-mime-tools: git send-email
    perl-net-smtp-ssl: git send-email TLS support
    perl-authen-sasl: git send-email TLS support
    perl-mediawiki-api: git mediawiki support
    perl-datetime-format-iso8601: git mediawiki support
    perl-lwp-protocol-https: git mediawiki https support
    perl-cgi: gitweb (web interface) support
    python: git svn & git p4 [pending]
    subversion: git svn
    org.freedesktop.secrets: keyring credential helper
    libsecret: libsecret credential helper [installed]
installing wget...
Optional dependencies for wget
    ca-certificates: HTTPS downloads [installed]
installing xdg-user-dirs...
Created symlink /etc/systemd/user/default.target.wants/xdg-user-dirs-update.service → /usr/lib/systemd/user/xdg-user-dirs-update.service.
installing acpid...
Optional dependencies for acpid
    perl: use perl based examples [installed]
installing alsa-topology-conf...
installing alsa-ucm-conf...
installing alsa-lib...
installing libnsl...
installing python...
Optional dependencies for python
    python-setuptools
    python-pip
    sqlite [installed]
    mpdecimal: for decimal
    xz: for lzma [installed]
    tk: for tkinter
installing python-pyalsa...
installing libsamplerate...
Optional dependencies for libsamplerate
    libsndfile.so: for sndfile-resample [pending]
installing alsa-utils...
Optional dependencies for alsa-utils
    fftw: for alsabat
installing alsa-plugins...
Optional dependencies for alsa-plugins
    dbus: for maemo plugin [installed]
    jack: for pcm_jack plugin
    libavtp: for pcm_aaf plugin
    libsamplerate: for rate_samplerate plugin [installed]
    libpulse: for conf_pulse, ctl_pulse and pcm_pulse plugins [pending]
    speexdsp: for pcm_speex and rate_speexrate plugins [pending]
installing libasyncns...
installing xcb-proto...
installing libxdmcp...
installing libxau...
installing libxcb...
installing xorgproto...
installing libx11...
installing libxext...
installing libxi...
installing libxfixes...
installing libxtst...
installing libice...
installing libsm...
installing libogg...
installing flac...
installing libvorbis...
installing libsndfile...
Optional dependencies for libsndfile
    alsa-lib: for sndfile-play [installed]
installing libpulse...
installing js60...
installing polkit...
installing rtkit...
installing speexdsp...
installing tdb...
Optional dependencies for tdb
    python: for python bindings [installed]
installing orc...
installing libsoxr...
installing webrtc-audio-processing...
installing pulseaudio...
Created symlink /etc/systemd/user/sockets.target.wants/pulseaudio.socket → /usr/lib/systemd/user/pulseaudio.socket.
Optional dependencies for pulseaudio
    pulseaudio-alsa: ALSA configuration (recommended) [pending]
installing pulseaudio-alsa...
installing dmidecode...
installing lsof...
installing run-parts...
installing cronie...
Optional dependencies for cronie
    smtp-server: send job output via email
    smtp-forwarder: forward job output to email server
installing vim-runtime...
Optional dependencies for vim-runtime
    sh: support for some tools and macros [installed]
    python: demoserver example tool [installed]
    gawk: mve tools upport [installed]
installing gpm...
installing vim...
Optional dependencies for vim
    python2: Python 2 language support
    python: Python 3 language support [installed]
    ruby: Ruby language support
    lua: Lua language support
    perl: Perl language support [installed]
    tcl: Tcl language support
installing intel-ucode...
installing bc...
installing xxhash...
installing rsync...
installing mlocate...
installing pkgstats...
installing arch-wiki-lite...
Optional dependencies for arch-wiki-lite
    dialog: for interactive menu [installed]
    arch-wiki-docs: for wiki-search-html
    xdg-utils: for wiki-search-html
installing libdaemon...
installing avahi...
Optional dependencies for avahi
    gtk3: avahi-discover, avahi-discover-standalone, bshell, bssh, bvnc [pending]
    qt5-base: qt5 bindings
    libevent: libevent bindings
    nss-mdns: NSS support for mDNS [pending]
    python-twisted: avahi-bookmarks
    python-gobject: avahi-bookmarks, avahi-discover
    python-dbus: avahi-bookmarks, avahi-discover
installing nss-mdns...
installing zip...
installing unzip...
installing unrar...
installing p7zip...
installing lzop...
installing traceroute...
installing libedit...
installing dnssec-anchors...
installing ldns...
Optional dependencies for ldns
    libpcap: ldns-dpa tool [installed]
installing openssh...
Optional dependencies for openssh
    xorg-xauth: X11 forwarding
    x11-ssh-askpass: input passphrase in X
    libfido2: FIDO/U2F support
installing boost-libs...
Optional dependencies for boost-libs
    openmpi: for mpi support
installing snapper...
Optional dependencies for snapper
    pam: pam_snapper [installed]
installing fuse-common...
installing fuse2...
installing ntfs-3g...
installing exfat-utils...
installing gptfdisk...
installing autofs...
Optional dependencies for autofs
    krb5: for LDAP support [installed]
    sssd: for SSSD integration
installing fuse3...
installing fuseiso...
installing libmtp...
installing libid3tag...
installing libmad...
installing mtpfs...
installing dconf...
installing libcddb...
installing libcdio...
installing libcdio-paranoia...
installing libproxy...
Optional dependencies for libproxy
    networkmanager: NetworkManager configuration module
    perl: Perl bindings [installed]
    python2: Python 2.x bindings
    python: Python 3.x bindings [installed]
    libproxy-mozjs: PAC proxy support (via MozJS)
    libproxy-webkit: PAC proxy support (via WebKit)
installing cantarell-fonts...
installing adobe-source-code-pro-fonts...
installing gsettings-desktop-schemas...
installing glib-networking...
installing brotli...
installing libsoup...
Optional dependencies for libsoup
    samba: Windows Domain SSO
installing libatasmart...
installing libgudev...
installing dmraid...
installing libbytesize...
installing libaio...
installing thin-provisioning-tools...
installing lvm2...
installing mdadm...
installing ndctl...
installing parted...
installing nspr...
installing nss...
installing volume_key...
Optional dependencies for volume_key
    python: for python bindings [installed]
installing xfsprogs...
installing libyaml...
installing libblockdev...
installing udisks2...
Optional dependencies for udisks2
    gptfdisk: GUID partition table support [installed]
    ntfs-3g: NTFS filesystem management support [installed]
    dosfstools: VFAT filesystem management support [installed]
installing libpng...
installing graphite...
installing harfbuzz...
Optional dependencies for harfbuzz
    cairo: hb-view program [pending]
installing freetype2...
installing fontconfig...
Rebuilding fontconfig cache... done.
installing libbluray...
Optional dependencies for libbluray
    java-runtime: BD-J library
installing atk...
installing libxrender...
installing pixman...
installing cairo...
installing libxcursor...
Optional dependencies for libxcursor
    gnome-themes-standard: fallback icon theme
installing libxinerama...
installing libxrandr...
installing libepoxy...
installing libjpeg-turbo...
installing libtiff...
Optional dependencies for libtiff
    freeglut: for using tiffgt
installing shared-mime-info...
installing gdk-pixbuf2...
installing libxcomposite...
installing libxdamage...
installing libdatrie...
installing libthai...
installing libxft...
installing fribidi...
installing pango...
installing at-spi2-core...
Optional dependencies for at-spi2-core
    dbus-broker: Alternative bus implementation
installing at-spi2-atk...
installing wayland...
installing xkeyboard-config...
installing libxkbcommon...
installing hicolor-icon-theme...
installing librsvg...
installing gtk-update-icon-cache...
installing adwaita-icon-theme...
installing json-glib...
installing wayland-protocols...
installing desktop-file-utils...
installing libpciaccess...
installing libdrm...
installing libxxf86vm...
installing libxshmfence...
installing libomxil-bellagio...
installing libunwind...
installing llvm-libs...
installing lm_sensors...
Optional dependencies for lm_sensors
    rrdtool: for logging with sensord
installing libglvnd...
installing mesa...
Optional dependencies for mesa
    opengl-man-pages: for the OpenGL API man pages
    mesa-vdpau: for accelerated video playback
    libva-mesa-driver: for accelerated video playback
installing lcms2...
installing libgusb...
installing colord...
Optional dependencies for colord
    argyllcms: color profiling
    colord-sane: SANE support
installing rest...
installing libcups...
installing sound-theme-freedesktop...
installing libcanberra...
Optional dependencies for libcanberra
    libcanberra-pulse: PulseAudio driver
    libcanberra-gstreamer: GStreamer driver
installing iso-codes...
installing gtk3...
installing gcr...
installing gvfs...
Optional dependencies for gvfs
    gvfs-afc: AFC (mobile devices) support [pending]
    gvfs-smb: SMB/CIFS (Windows client) support
    gvfs-gphoto2: gphoto2 (PTP camera/MTP media player) support
    gvfs-mtp: MTP device support
    gvfs-goa: gnome-online-accounts (e.g. OwnCloud) support
    gvfs-nfs: NFS support
    gvfs-google: Google Drive support
    gtk3: Recent files support [installed]
installing libplist...
installing libusbmuxd...
installing usbmuxd...
installing libimobiledevice...
installing gvfs-afc...
installing openjpeg2...
installing poppler...
Optional dependencies for poppler
    poppler-data: encoding data to display PDF documents containing CJK characters
installing qpdf...
installing liblqr...
installing libraqm...
installing imagemagick...
Optional dependencies for imagemagick
    ghostscript: PS/PDF support [pending]
    libheif: HEIF support
    libraw: DNG support
    librsvg: SVG support [installed]
    libwebp: WEBP support
    libwmf: WMF support
    libxml2: Magick Scripting Language [installed]
    ocl-icd: OpenCL support
    openexr: OpenEXR support
    openjpeg2: JPEG2000 support [installed]
    djvulibre: DJVU support
    pango: Text rendering [installed]
    imagemagick-doc: manual and API docs
installing liblouis...
installing ijs...
installing cups-filters...
Optional dependencies for cups-filters
    ghostscript: for non-PostScript printers to print with CUPS to convert PostScript to raster images [pending]
    foomatic-db: drivers use Ghostscript to convert PostScript to a printable form directly
    foomatic-db-engine: drivers use Ghostscript to convert PostScript to a printable form directly
    foomatic-db-nonfree: drivers use Ghostscript to convert PostScript to a printable form directly
    antiword: to convert MS Word documents
    docx2txt: to convert Microsoft OOXML text from DOCX files
installing libpaper...
installing cups...
>> If you use an HTTPS connection to CUPS, the first time you access
>> the interface it may take a very long time before the site comes up.
>> This is because the first request triggers the generation of the CUPS
>> SSL certificates which can be a very time-consuming job.
Optional dependencies for cups
    xdg-utils: xdg .desktop file support
    colord: for ICC color profile support [installed]
    logrotate: for logfile rotation support [installed]
installing libxt...
installing jbig2dec...
installing libidn...
installing ghostscript...
Optional dependencies for ghostscript
    texlive-core: needed for dvipdf
    gtk3: needed for gsx [installed]
installing cups-pdf...
-------------------------------------------------
To use cups-pdf, restart cups and visit the cups
web interface at http://localhost:631/

You can now add a "Virtual Printer (PDF Printer)"
and use the Postscript/Generic postscript color
printer driver.

Note that cups-pdf has a configuration
file in /etc/cups. The default location for
pdf output is /var/spool/cups-pdf/$username.
-------------------------------------------------
installing neofetch...
Optional dependencies for neofetch
    catimg: Display Images
    chafa: Image to text support
    feh: Wallpaper Display
    imagemagick: Image cropping / Thumbnail creation / Take a screenshot [installed]
    jp2a: Display Images
    libcaca: Display Images
    nitrogen: Wallpaper Display
    pacman-contrib: Display package count
    w3m: Display Images
    xdotool: See https://github.com/dylanaraps/neofetch/wiki/Images-in-the-terminal
    xorg-xdpyinfo: Resolution detection (Single Monitor)
    xorg-xprop: Desktop Environment and Window Manager
    xorg-xrandr: Resolution detection (Multi Monitor + Refresh rates)
    xorg-xwininfo: See https://github.com/dylanaraps/neofetch/wiki/Images-in-the-terminal
installing bashtop...
Optional dependencies for bashtop
    curl: themes download [installed]
    lm_sensors: cpu temperatures [installed]
    sysstat: disk read/write stats
    python-psutil: use python for data collection
installing f2fs-tools...
:: Running post-transaction hooks...
( 1/19) Creating system user accounts...
( 2/19) Reloading system manager configuration...
Running in chroot, ignoring request: daemon-reload
( 3/19) Updating udev hardware database...
( 4/19) Creating temporary files...
( 5/19) Reloading device manager configuration...
Running in chroot, ignoring request.
( 6/19) Arming ConditionNeedsUpdate...
( 7/19) Updating linux initcpios...
==> Building image from preset: /etc/mkinitcpio.d/linux-lts.preset: 'default'
  -> -k /boot/vmlinuz-linux-lts -c /etc/mkinitcpio.conf -g /boot/initramfs-linux-lts.img
==> Starting build: 5.4.50-1-lts
  -> Running build hook: [base]
  -> Running build hook: [udev]
  -> Running build hook: [autodetect]
  -> Running build hook: [modconf]
  -> Running build hook: [block]
  -> Running build hook: [filesystems]
  -> Running build hook: [keyboard]
  -> Running build hook: [fsck]
==> Generating module dependencies
==> Creating gzip-compressed initcpio image: /boot/initramfs-linux-lts.img
==> Image generation successful
==> Building image from preset: /etc/mkinitcpio.d/linux-lts.preset: 'fallback'
  -> -k /boot/vmlinuz-linux-lts -c /etc/mkinitcpio.conf -g /boot/initramfs-linux-lts-fallback.img -S autodetect
==> Starting build: 5.4.50-1-lts
  -> Running build hook: [base]
  -> Running build hook: [udev]
  -> Running build hook: [modconf]
  -> Running build hook: [block]
==> WARNING: Possibly missing firmware for module: aic94xx
==> WARNING: Possibly missing firmware for module: wd719x
  -> Running build hook: [filesystems]
  -> Running build hook: [keyboard]
  -> Running build hook: [fsck]
==> Generating module dependencies
==> Creating gzip-compressed initcpio image: /boot/initramfs-linux-lts-fallback.img
==> Image generation successful
( 8/19) Reloading system bus configuration...
Running in chroot, ignoring request: try-reload-or-restart
( 9/19) Warn about old perl modules
perl: warning: Setting locale failed.
perl: warning: Please check that your locale settings:
	LANGUAGE = (unset),
	LC_ALL = (unset),
	LC_MESSAGES = "",
	LANG = "pt_BR.UTF-8"
    are supported and installed on your system.
perl: warning: Falling back to the standard locale ("C").
(10/19) Updating fontconfig cache...
(11/19) Probing GDK-Pixbuf loader modules...
(12/19) Updating GIO module cache...
(13/19) Compiling GSettings XML schema files...
(14/19) Probing GTK3 input method modules...
(15/19) Updating icon theme caches...
(16/19) Reloading GVFS config...
killall: /proc lacks process entries (not mounted ?)
(17/19) Updating the info directory file...
(18/19) Updating the desktop file MIME type cache...
(19/19) Updating the MIME type database...
==> Creating install root at /mnt
==> Installing packages to /mnt
:: Synchronizing package databases...
 core is up to date
 extra is up to date
 community is up to date
resolving dependencies...
looking for conflicting packages...

Packages (10) dkms-2.8.1-4  libva-2.8.0-1  libvdpau-1.4-1  libxmu-1.1.3-2  xorg-xrandr-1.5.1-2  libvdpau-va-gl-0.4.2-3  mesa-20.1.3-1  virtualbox-guest-dkms-6.1.10-1  virtualbox-guest-utils-6.1.10-1  xf86-video-vmware-13.3.0-2

Total Download Size:    1.70 MiB
Total Installed Size:  93.93 MiB
Net Upgrade Size:       9.45 MiB

:: Proceed with installation? [Y/n] 
:: Retrieving packages...
downloading xf86-video-vmware-13.3.0-2-x86_64.pkg.tar.zst...
downloading libxmu-1.1.3-2-x86_64.pkg.tar.zst...
downloading xorg-xrandr-1.5.1-2-x86_64.pkg.tar.zst...
downloading dkms-2.8.1-4-any.pkg.tar.zst...
downloading libvdpau-1.4-1-x86_64.pkg.tar.zst...
downloading libva-2.8.0-1-x86_64.pkg.tar.zst...
downloading virtualbox-guest-dkms-6.1.10-1-x86_64.pkg.tar.zst...
downloading virtualbox-guest-utils-6.1.10-1-x86_64.pkg.tar.zst...
downloading libvdpau-va-gl-0.4.2-3-x86_64.pkg.tar.zst...
checking keyring...
checking package integrity...
loading package files...
checking for file conflicts...
:: Processing package changes...
reinstalling mesa...
installing xf86-video-vmware...
installing libxmu...
installing xorg-xrandr...
installing dkms...
Optional dependencies for dkms
    linux-headers: build modules against the Arch kernel
    linux-lts-headers: build modules against the LTS kernel [installed]
    linux-zen-headers: build modules against the ZEN kernel
    linux-hardened-headers: build modules against the HARDENED kernel
installing virtualbox-guest-dkms...
Optional dependencies for virtualbox-guest-dkms
    linux-headers: build modules against Arch kernel
    linux-lts-headers: build modules against LTS kernel [installed]
    linux-zen-headers: build modules against ZEN kernel
installing virtualbox-guest-utils...
installing libvdpau...
installing libva...
Optional dependencies for libva
    intel-media-driver: backend for Intel GPUs (>= Broadwell)
    libva-vdpau-driver: backend for Nvidia and AMD GPUs
    libva-intel-driver: backend for Intel GPUs (<= Haswell)
installing libvdpau-va-gl...
:: Running post-transaction hooks...
(1/5) Creating system user accounts...
(2/5) Reloading system manager configuration...
Running in chroot, ignoring request: daemon-reload
(3/5) Reloading device manager configuration...
Running in chroot, ignoring request.
(4/5) Arming ConditionNeedsUpdate...
(5/5) Install DKMS modules
==> dkms install --no-depmod -m vboxsf -v 6.1.10_OSE -k 5.4.50-1-lts
==> depmod 5.4.50-1-lts
==> Creating install root at /mnt
==> Installing packages to /mnt
:: Synchronizing package databases...
 core is up to date
 extra is up to date
 community is up to date
:: There are 36 members in group xorg-apps:
:: Repository extra
   1) xorg-bdftopcf  2) xorg-iceauth  3) xorg-luit  4) xorg-mkfontscale  5) xorg-sessreg  6) xorg-setxkbmap  7) xorg-smproxy  8) xorg-x11perf  9) xorg-xauth  10) xorg-xbacklight  11) xorg-xcmsdb  12) xorg-xcursorgen  13) xorg-xdpyinfo  14) xorg-xdriinfo  15) xorg-xev  16) xorg-xgamma  17) xorg-xhost  18) xorg-xinput  19) xorg-xkbcomp  20) xorg-xkbevd  21) xorg-xkbutils  22) xorg-xkill  23) xorg-xlsatoms  24) xorg-xlsclients  25) xorg-xmodmap  26) xorg-xpr  27) xorg-xprop  28) xorg-xrandr  29) xorg-xrdb  30) xorg-xrefresh  31) xorg-xset  32) xorg-xsetroot  33) xorg-xvinfo  34) xorg-xwd  35) xorg-xwininfo  36) xorg-xwud

Enter a selection (default=all): 
resolving dependencies...
looking for conflicting packages...

Packages (56) libevdev-1.9.0-1  libfontenc-1.1.4-3  libinput-1.15.6-1  libutempter-1.2.1-1  libwacom-1.4.1-1  libxaw-1.0.13-3  libxfont2-2.0.4-3  libxkbfile-1.1.0-2  libxpm-3.5.13-2  libxv-1.0.11-4  mtdev-1.1.6-1  xbitmaps-1.1.2-2  xcb-util-0.4.0-3  xorg-fonts-encodings-1.0.5-2  xorg-server-common-1.20.8-2  xf86-input-libinput-0.30.0-1  xf86-input-synaptics-1.9.1-2  xorg-bdftopcf-1.1-2  xorg-iceauth-1.0.8-2  xorg-luit-1.1.1-4  xorg-mkfontscale-1.2.1-2  xorg-server-1.20.8-2  xorg-sessreg-1.1.2-2  xorg-setxkbmap-1.3.2-2  xorg-smproxy-1.0.6-3  xorg-x11perf-1.6.1-2  xorg-xauth-1.1-2  xorg-xbacklight-1.2.3-2  xorg-xcmsdb-1.0.5-3  xorg-xcursorgen-1.0.7-2  xorg-xdpyinfo-1.3.2-4  xorg-xdriinfo-1.0.6-2  xorg-xev-1.2.3-2  xorg-xgamma-1.0.6-3  xorg-xhost-1.0.8-2  xorg-xinit-1.4.1-2  xorg-xinput-1.6.3-2  xorg-xkbcomp-1.4.3-1  xorg-xkbevd-1.1.4-3  xorg-xkbutils-1.0.4-4  xorg-xkill-1.0.5-2  xorg-xlsatoms-1.1.3-2  xorg-xlsclients-1.1.4-2  xorg-xmodmap-1.0.10-2  xorg-xpr-1.0.5-2  xorg-xprop-1.2.4-2  xorg-xrandr-1.5.1-2  xorg-xrdb-1.2.0-2  xorg-xrefresh-1.0.6-2  xorg-xset-1.2.4-2  xorg-xsetroot-1.1.2-2  xorg-xvinfo-1.1.4-2  xorg-xwd-1.0.7-2  xorg-xwininfo-1.1.5-2  xorg-xwud-1.0.5-2  xterm-357-1

Total Download Size:    4.23 MiB
Total Installed Size:  11.51 MiB
Net Upgrade Size:      11.44 MiB

:: Proceed with installation? [Y/n] 
:: Retrieving packages...
downloading xorg-fonts-encodings-1.0.5-2-any.pkg.tar.zst...
downloading libfontenc-1.1.4-3-x86_64.pkg.tar.zst...
downloading libxfont2-2.0.4-3-x86_64.pkg.tar.zst...
downloading libxkbfile-1.1.0-2-x86_64.pkg.tar.zst...
downloading xorg-xkbcomp-1.4.3-1-x86_64.pkg.tar.zst...
downloading xorg-setxkbmap-1.3.2-2-x86_64.pkg.tar.zst...
downloading xorg-server-common-1.20.8-2-x86_64.pkg.tar.zst...
downloading mtdev-1.1.6-1-x86_64.pkg.tar.zst...
downloading libevdev-1.9.0-1-x86_64.pkg.tar.zst...
downloading libwacom-1.4.1-1-x86_64.pkg.tar.zst...
downloading libinput-1.15.6-1-x86_64.pkg.tar.zst...
downloading xf86-input-libinput-0.30.0-1-x86_64.pkg.tar.zst...
downloading xorg-server-1.20.8-2-x86_64.pkg.tar.zst...
downloading xorg-bdftopcf-1.1-2-x86_64.pkg.tar.zst...
downloading xorg-iceauth-1.0.8-2-x86_64.pkg.tar.zst...
downloading xorg-luit-1.1.1-4-x86_64.pkg.tar.zst...
downloading xorg-mkfontscale-1.2.1-2-x86_64.pkg.tar.zst...
downloading xorg-sessreg-1.1.2-2-x86_64.pkg.tar.zst...
downloading xorg-smproxy-1.0.6-3-x86_64.pkg.tar.zst...
downloading xorg-x11perf-1.6.1-2-x86_64.pkg.tar.zst...
downloading xorg-xauth-1.1-2-x86_64.pkg.tar.zst...
downloading xcb-util-0.4.0-3-x86_64.pkg.tar.zst...
downloading xorg-xbacklight-1.2.3-2-x86_64.pkg.tar.zst...
downloading xorg-xcmsdb-1.0.5-3-x86_64.pkg.tar.zst...
downloading xorg-xcursorgen-1.0.7-2-x86_64.pkg.tar.zst...
downloading xorg-xdpyinfo-1.3.2-4-x86_64.pkg.tar.zst...
downloading xorg-xdriinfo-1.0.6-2-x86_64.pkg.tar.zst...
downloading xorg-xev-1.2.3-2-x86_64.pkg.tar.zst...
downloading xorg-xgamma-1.0.6-3-x86_64.pkg.tar.zst...
downloading xorg-xhost-1.0.8-2-x86_64.pkg.tar.zst...
downloading xorg-xinput-1.6.3-2-x86_64.pkg.tar.zst...
downloading xorg-xkbevd-1.1.4-3-x86_64.pkg.tar.zst...
downloading libxpm-3.5.13-2-x86_64.pkg.tar.zst...
downloading libxaw-1.0.13-3-x86_64.pkg.tar.zst...
downloading xorg-xkbutils-1.0.4-4-x86_64.pkg.tar.zst...
downloading xorg-xkill-1.0.5-2-x86_64.pkg.tar.zst...
downloading xorg-xlsatoms-1.1.3-2-x86_64.pkg.tar.zst...
downloading xorg-xlsclients-1.1.4-2-x86_64.pkg.tar.zst...
downloading xorg-xmodmap-1.0.10-2-x86_64.pkg.tar.zst...
downloading xorg-xpr-1.0.5-2-x86_64.pkg.tar.zst...
downloading xorg-xprop-1.2.4-2-x86_64.pkg.tar.zst...
downloading xorg-xrdb-1.2.0-2-x86_64.pkg.tar.zst...
downloading xorg-xrefresh-1.0.6-2-x86_64.pkg.tar.zst...
downloading xorg-xset-1.2.4-2-x86_64.pkg.tar.zst...
downloading xorg-xsetroot-1.1.2-2-x86_64.pkg.tar.zst...
downloading libxv-1.0.11-4-x86_64.pkg.tar.zst...
downloading xorg-xvinfo-1.1.4-2-x86_64.pkg.tar.zst...
downloading xorg-xwd-1.0.7-2-x86_64.pkg.tar.zst...
downloading xorg-xwininfo-1.1.5-2-x86_64.pkg.tar.zst...
downloading xorg-xwud-1.0.5-2-x86_64.pkg.tar.zst...
downloading xorg-xinit-1.4.1-2-x86_64.pkg.tar.zst...
downloading xf86-input-synaptics-1.9.1-2-x86_64.pkg.tar.zst...
downloading xbitmaps-1.1.2-2-any.pkg.tar.zst...
downloading libutempter-1.2.1-1-x86_64.pkg.tar.zst...
downloading xterm-357-1-x86_64.pkg.tar.zst...
checking keyring...
checking package integrity...
loading package files...
checking for file conflicts...
:: Processing package changes...
installing xorg-fonts-encodings...
installing libfontenc...
installing libxfont2...
installing libxkbfile...
installing xorg-xkbcomp...
installing xorg-setxkbmap...
installing xorg-server-common...
installing mtdev...
installing libevdev...
installing libwacom...
installing libinput...
Optional dependencies for libinput
    gtk3: libinput debug-gui [installed]
    python-pyudev: libinput measure
    python-libevdev: libinput measure
installing xf86-input-libinput...
installing xorg-server...
>>> xorg-server has now the ability to run without root rights with
    the help of systemd-logind. xserver will fail to run if not launched
    from the same virtual terminal as was used to log in.
    Without root rights, log files will be in ~/.local/share/xorg/ directory.

    Old behavior can be restored through Xorg.wrap config file.
    See Xorg.wrap man page (man xorg.wrap).
installing xorg-bdftopcf...
installing xorg-iceauth...
installing xorg-luit...
installing xorg-mkfontscale...
Creating X fontdir indices... done.
installing xorg-sessreg...
installing xorg-smproxy...
installing xorg-x11perf...
installing xorg-xauth...
installing xcb-util...
installing xorg-xbacklight...
installing xorg-xcmsdb...
installing xorg-xcursorgen...
installing xorg-xdpyinfo...
installing xorg-xdriinfo...
installing xorg-xev...
installing xorg-xgamma...
installing xorg-xhost...
reinstalling xorg-xrandr...
installing xorg-xinput...
installing xorg-xkbevd...
installing libxpm...
installing libxaw...
installing xorg-xkbutils...
installing xorg-xkill...
installing xorg-xlsatoms...
installing xorg-xlsclients...
installing xorg-xmodmap...
installing xorg-xpr...
installing xorg-xprop...
installing xorg-xrdb...
Optional dependencies for xorg-xrdb
    gcc: for preprocessing [installed]
    mcpp: a lightweight alternative for preprocessing
installing xorg-xrefresh...
installing xorg-xset...
installing xorg-xsetroot...
installing libxv...
installing xorg-xvinfo...
installing xorg-xwd...
installing xorg-xwininfo...
installing xorg-xwud...
installing xorg-xinit...
Optional dependencies for xorg-xinit
    xorg-twm
    xterm [pending]
installing xf86-input-synaptics...
>>> xf86-input-synaptics driver is on maintenance mode and
    xf86-input-libinput driver must be prefered over.
installing xbitmaps...
installing libutempter...
installing xterm...
:: Running post-transaction hooks...
(1/5) Updating udev hardware database...
(2/5) Reloading device manager configuration...
Running in chroot, ignoring request.
(3/5) Arming ConditionNeedsUpdate...
(4/5) Updating fontconfig cache...
(5/5) Updating the desktop file MIME type cache...
==> Creating install root at /mnt
==> Installing packages to /mnt
:: Synchronizing package databases...
 core is up to date
 extra is up to date
 community is up to date
resolving dependencies...
looking for conflicting packages...

Packages (13) bluez-libs-5.54-2  jansson-2.13.1-1  libmm-glib-1.14.0-1  libndp-1.7-2  libnewt-0.52.21-3  libnm-1.24.2-1  libpgm-5.2.122-5  libsodium-1.0.18-2  libteam-1.30-1  mobile-broadband-provider-info-20190618-2  slang-2.3.2-2  zeromq-4.3.2-2  networkmanager-1.24.2-1

Total Download Size:    6.93 MiB
Total Installed Size:  41.44 MiB

:: Proceed with installation? [Y/n] 
:: Retrieving packages...
downloading libnm-1.24.2-1-x86_64.pkg.tar.zst...
downloading libmm-glib-1.14.0-1-x86_64.pkg.tar.zst...
downloading slang-2.3.2-2-x86_64.pkg.tar.zst...
downloading libndp-1.7-2-x86_64.pkg.tar.zst...
downloading libteam-1.30-1-x86_64.pkg.tar.zst...
downloading bluez-libs-5.54-2-x86_64.pkg.tar.zst...
downloading mobile-broadband-provider-info-20190618-2-any.pkg.tar.zst...
downloading networkmanager-1.24.2-1-x86_64.pkg.tar.zst...
downloading jansson-2.13.1-1-x86_64.pkg.tar.zst...
downloading libnewt-0.52.21-3-x86_64.pkg.tar.xz...
downloading libsodium-1.0.18-2-x86_64.pkg.tar.zst...
downloading libpgm-5.2.122-5-x86_64.pkg.tar.zst...
downloading zeromq-4.3.2-2-x86_64.pkg.tar.zst...
checking keyring...
checking package integrity...
loading package files...
checking for file conflicts...
:: Processing package changes...
installing jansson...
installing libnm...
installing libmm-glib...
installing slang...
installing libnewt...
Optional dependencies for libnewt
    tcl: whiptcl support
    python: libnewt support with the _snack module [installed]
    python2: libnewt support with the _snack module
installing libndp...
installing libsodium...
installing libpgm...
installing zeromq...
installing libteam...
installing bluez-libs...
installing mobile-broadband-provider-info...
installing networkmanager...
Optional dependencies for networkmanager
    dnsmasq: connection sharing
    bluez: Bluetooth support
    ppp: dialup connection support
    modemmanager: cellular network support
    iwd: wpa_supplicant alternative
    dhclient: alternative DHCP client
    openresolv: alternative resolv.conf manager
    firewalld: Firewall support
:: Running post-transaction hooks...
(1/4) Reloading system manager configuration...
Running in chroot, ignoring request: daemon-reload
(2/4) Reloading device manager configuration...
Running in chroot, ignoring request.
(3/4) Arming ConditionNeedsUpdate...
(4/4) Reloading system bus configuration...
Running in chroot, ignoring request: try-reload-or-restart
Generating locales...
  pt_BR.UTF-8... done
  pt_BR.ISO-8859-1... done
Generation complete.
==> Building image from preset: /etc/mkinitcpio.d/linux-lts.preset: 'default'
  -> -k /boot/vmlinuz-linux-lts -c /etc/mkinitcpio.conf -g /boot/initramfs-linux-lts.img
==> Starting build: 5.4.50-1-lts
  -> Running build hook: [base]
  -> Running build hook: [udev]
  -> Running build hook: [autodetect]
  -> Running build hook: [modconf]
  -> Running build hook: [block]
  -> Running build hook: [filesystems]
  -> Running build hook: [keyboard]
  -> Running build hook: [fsck]
==> Generating module dependencies
==> Creating gzip-compressed initcpio image: /boot/initramfs-linux-lts.img
==> Image generation successful
==> Building image from preset: /etc/mkinitcpio.d/linux-lts.preset: 'fallback'
  -> -k /boot/vmlinuz-linux-lts -c /etc/mkinitcpio.conf -g /boot/initramfs-linux-lts-fallback.img -S autodetect
==> Starting build: 5.4.50-1-lts
  -> Running build hook: [base]
  -> Running build hook: [udev]
  -> Running build hook: [modconf]
  -> Running build hook: [block]
  -> Running build hook: [filesystems]
  -> Running build hook: [keyboard]
  -> Running build hook: [fsck]
==> Generating module dependencies
==> Creating gzip-compressed initcpio image: /boot/initramfs-linux-lts-fallback.img
==> Image generation successful
==> Creating install root at /mnt
==> Installing packages to /mnt
:: Synchronizing package databases...
 core is up to date
 extra is up to date
 community is up to date
resolving dependencies...
looking for conflicting packages...

Packages (4) efivar-37-4  efibootmgr-17-1  grub-2:2.04-7  os-prober-1.77-2

Total Download Size:    6.87 MiB
Total Installed Size:  33.31 MiB

:: Proceed with installation? [Y/n] 
:: Retrieving packages...
downloading grub-2:2.04-7-x86_64.pkg.tar.zst...
downloading efivar-37-4-x86_64.pkg.tar.zst...
downloading efibootmgr-17-1-x86_64.pkg.tar.zst...
downloading os-prober-1.77-2-x86_64.pkg.tar.zst...
checking keyring...
checking package integrity...
loading package files...
checking for file conflicts...
:: Processing package changes...
installing grub...
Generate your bootloader configuration with:
  grub-mkconfig -o /boot/grub/grub.cfg
Optional dependencies for grub
    freetype2: For grub-mkfont usage [installed]
    fuse2: For grub-mount usage [installed]
    dosfstools: For grub-mkrescue FAT FS and EFI support [installed]
    efibootmgr: For grub-install EFI support [pending]
    libisoburn: Provides xorriso for generating grub rescue iso using grub-mkrescue
    os-prober: To detect other OSes when generating grub.cfg in BIOS systems [pending]
    mtools: For grub-mkrescue FAT FS support [installed]
installing efivar...
installing efibootmgr...
installing os-prober...
:: Running post-transaction hooks...
(1/2) Arming ConditionNeedsUpdate...
(2/2) Updating the info directory file...
Copiando arquivo mirrorlist de backup...
